0 info it worked if it ends with ok
1 verbose cli [ 'C:\\Program Files\\nodejs\\node.exe',
1 verbose cli   'C:\\Users\\I322018\\AppData\\Roaming\\npm\\node_modules\\npm\\bin\\npm-cli.js',
1 verbose cli   'install',
1 verbose cli   '-g',
1 verbose cli   'capnp-js-plugin' ]
2 info using npm@2.14.20
3 info using node@v4.4.1
4 verbose install initial load of C:\Users\I322018\AppData\Roaming\npm\package.json
5 verbose readDependencies loading dependencies from C:\Users\I322018\AppData\Roaming\npm\package.json
6 silly cache add args [ 'capnp-js-plugin', null ]
7 verbose cache add spec capnp-js-plugin
8 silly cache add parsed spec Result {
8 silly cache add   raw: 'capnp-js-plugin',
8 silly cache add   scope: null,
8 silly cache add   name: 'capnp-js-plugin',
8 silly cache add   rawSpec: '',
8 silly cache add   spec: 'latest',
8 silly cache add   type: 'tag' }
9 silly addNamed capnp-js-plugin@latest
10 verbose addNamed "latest" is being treated as a dist-tag for capnp-js-plugin
11 info addNameTag [ 'capnp-js-plugin', 'latest' ]
12 silly mapToRegistry name capnp-js-plugin
13 silly mapToRegistry using default registry
14 silly mapToRegistry registry https://registry.npmjs.org/
15 silly mapToRegistry uri https://registry.npmjs.org/capnp-js-plugin
16 verbose addNameTag registry:https://registry.npmjs.org/capnp-js-plugin not in flight; fetching
17 verbose request uri https://registry.npmjs.org/capnp-js-plugin
18 verbose request no auth needed
19 info attempt registry request try #1 at 3:23:09 PM
20 verbose request id 2f8664505b573040
21 http request GET https://registry.npmjs.org/capnp-js-plugin
22 http 200 https://registry.npmjs.org/capnp-js-plugin
23 verbose headers { server: 'CouchDB/1.6.1 (Erlang OTP/R16B03)',
23 verbose headers   etag: '"72SHNMK6EXD5FGLMFP1R70GUX"',
23 verbose headers   'content-type': 'application/json',
23 verbose headers   'content-encoding': 'gzip',
23 verbose headers   'cache-control': 'max-age=300',
23 verbose headers   'content-length': '8786',
23 verbose headers   'accept-ranges': 'bytes',
23 verbose headers   date: 'Fri, 12 Aug 2016 07:23:11 GMT',
23 verbose headers   via: '1.1 varnish',
23 verbose headers   age: '0',
23 verbose headers   connection: 'close',
23 verbose headers   'x-served-by': 'cache-lax1434-LAX',
23 verbose headers   'x-cache': 'MISS',
23 verbose headers   'x-cache-hits': '0',
23 verbose headers   'x-timer': 'S1470986590.570559,VS0,VE443',
23 verbose headers   vary: 'Accept-Encoding' }
24 silly get cb [ 200,
24 silly get   { server: 'CouchDB/1.6.1 (Erlang OTP/R16B03)',
24 silly get     etag: '"72SHNMK6EXD5FGLMFP1R70GUX"',
24 silly get     'content-type': 'application/json',
24 silly get     'content-encoding': 'gzip',
24 silly get     'cache-control': 'max-age=300',
24 silly get     'content-length': '8786',
24 silly get     'accept-ranges': 'bytes',
24 silly get     date: 'Fri, 12 Aug 2016 07:23:11 GMT',
24 silly get     via: '1.1 varnish',
24 silly get     age: '0',
24 silly get     connection: 'close',
24 silly get     'x-served-by': 'cache-lax1434-LAX',
24 silly get     'x-cache': 'MISS',
24 silly get     'x-cache-hits': '0',
24 silly get     'x-timer': 'S1470986590.570559,VS0,VE443',
24 silly get     vary: 'Accept-Encoding' } ]
25 verbose get saving capnp-js-plugin to C:\npm_cache\registry.npmjs.org\capnp-js-plugin\.cache.json
26 verbose correctMkdir C:\npm_cache correctMkdir not in flight; initializing
27 silly addNameTag next cb for capnp-js-plugin with tag latest
28 silly addNamed capnp-js-plugin@0.2.11
29 verbose addNamed "0.2.11" is a plain semver version for capnp-js-plugin
30 silly mapToRegistry name capnp-js-plugin
31 silly mapToRegistry using default registry
32 silly mapToRegistry registry https://registry.npmjs.org/
33 silly mapToRegistry uri https://registry.npmjs.org/capnp-js-plugin
34 verbose addRemoteTarball https://registry.npmjs.org/capnp-js-plugin/-/capnp-js-plugin-0.2.11.tgz not in flight; adding
35 verbose addRemoteTarball [ 'https://registry.npmjs.org/capnp-js-plugin/-/capnp-js-plugin-0.2.11.tgz',
35 verbose addRemoteTarball   'b45e390e66e254c663b97ba7ded294621d1dc906' ]
36 info retry fetch attempt 1 at 3:23:11 PM
37 info attempt registry request try #1 at 3:23:11 PM
38 http fetch GET https://registry.npmjs.org/capnp-js-plugin/-/capnp-js-plugin-0.2.11.tgz
39 http fetch 200 https://registry.npmjs.org/capnp-js-plugin/-/capnp-js-plugin-0.2.11.tgz
40 silly fetchAndShaCheck shasum b45e390e66e254c663b97ba7ded294621d1dc906
41 verbose addTmpTarball C:\Users\I322018\AppData\Local\Temp\npm-26428-4f8b20c5\registry.npmjs.org\capnp-js-plugin\-\capnp-js-plugin-0.2.11.tgz not in flight; adding
42 verbose addTmpTarball already have metadata; skipping unpack for capnp-js-plugin@0.2.11
43 verbose correctMkdir C:\npm_cache correctMkdir not in flight; initializing
44 silly cache afterAdd capnp-js-plugin@0.2.11
45 verbose afterAdd C:\npm_cache\capnp-js-plugin\0.2.11\package\package.json not in flight; writing
46 verbose correctMkdir C:\npm_cache correctMkdir not in flight; initializing
47 verbose afterAdd C:\npm_cache\capnp-js-plugin\0.2.11\package\package.json written
48 silly install resolved [ { name: 'capnp-js-plugin',
48 silly install resolved     version: '0.2.11',
48 silly install resolved     description: 'Capnproto implementation for Javascript',
48 silly install resolved     main: 'index',
48 silly install resolved     bin:
48 silly install resolved      { capnp: 'bin/capnp',
48 silly install resolved        'capnpc-js-json': 'bin/capnpc-js-json',
48 silly install resolved        'capnpc-js': 'bin/capnpc-js' },
48 silly install resolved     scripts:
48 silly install resolved      { build: 'gulp build',
48 silly install resolved        clean: 'gulp clean & rm bin/capnp & rm -rf compiler',
48 silly install resolved        rebuild: 'npm run clean && npm run build',
48 silly install resolved        preinstall: 'node ./bin/installCompiler.js',
48 silly install resolved        test: 'npm run build && ./bin/capnp compile -o./bin/capnpc-js-json --src-prefix=test -I./test test/schema.capnp && mv -f schema.capnp.json test && mocha test/cgr.js' },
48 silly install resolved     repository:
48 silly install resolved      { type: 'git',
48 silly install resolved        url: 'https://github.com/popham/capnp-js-plugin.git' },
48 silly install resolved     keywords: [ 'capnproto', 'capnp', 'capnpc' ],
48 silly install resolved     author: { name: 'Tim Popham' },
48 silly install resolved     license: 'MIT',
48 silly install resolved     bugs: { url: 'https://github.com/popham/capnp-js-plugin/issues' },
48 silly install resolved     homepage: 'https://github.com/popham/capnp-js-plugin',
48 silly install resolved     devDependencies:
48 silly install resolved      { 'deep-diff': '^0.3.0',
48 silly install resolved        gulp: '^3.8.7',
48 silly install resolved        'gulp-chug': '^0.3.0',
48 silly install resolved        'gulp-concat': '^2.3.4',
48 silly install resolved        'gulp-dust': '^1.0.0',
48 silly install resolved        'gulp-dust-render': '0.0.2',
48 silly install resolved        'gulp-insert': '^0.4.0',
48 silly install resolved        'gulp-jshint': '^1.8.4',
48 silly install resolved        'gulp-nfy': '0.0.1',
48 silly install resolved        'gulp-preprocess': '^1.1.1',
48 silly install resolved        'gulp-rename': '^1.2.0',
48 silly install resolved        'gulp-rimraf': '^0.1.0',
48 silly install resolved        'gulp-uglify': '^0.3.1',
48 silly install resolved        mocha: '^2.1.0',
48 silly install resolved        nfy: '0.0.1' },
48 silly install resolved     dependencies:
48 silly install resolved      { buffers: '^0.1.1',
48 silly install resolved        'capnp-js': '0.2.11',
48 silly install resolved        'capnp-js-plugin-dust': '0.2.7',
48 silly install resolved        'js-beautify': '^1.5.1',
48 silly install resolved        mkdirp: '^0.5.0',
48 silly install resolved        when: '^3.1.0' },
48 silly install resolved     gitHead: '63ba06ed255fbdde0df1d75e1d574e5de12d3990',
48 silly install resolved     _id: 'capnp-js-plugin@0.2.11',
48 silly install resolved     _shasum: 'b45e390e66e254c663b97ba7ded294621d1dc906',
48 silly install resolved     _from: 'capnp-js-plugin@latest',
48 silly install resolved     _npmVersion: '1.4.14',
48 silly install resolved     _npmUser: { name: 'popham', email: 'popham@uw.edu' },
48 silly install resolved     maintainers: [ [Object] ],
48 silly install resolved     dist:
48 silly install resolved      { shasum: 'b45e390e66e254c663b97ba7ded294621d1dc906',
48 silly install resolved        tarball: 'https://registry.npmjs.org/capnp-js-plugin/-/capnp-js-plugin-0.2.11.tgz' },
48 silly install resolved     directories: {},
48 silly install resolved     _resolved: 'https://registry.npmjs.org/capnp-js-plugin/-/capnp-js-plugin-0.2.11.tgz' } ]
49 info install capnp-js-plugin@0.2.11 into C:\Users\I322018\AppData\Roaming\npm
50 info installOne capnp-js-plugin@0.2.11
51 verbose installOne of capnp-js-plugin to C:\Users\I322018\AppData\Roaming\npm not in flight; installing
52 verbose correctMkdir C:\npm_cache\_locks correctMkdir not in flight; initializing
53 verbose lock using C:\npm_cache\_locks\capnp-js-plugin-4abbe50202d4c688.lock for C:\Users\I322018\AppData\Roaming\npm\node_modules\capnp-js-plugin
54 silly install write writing capnp-js-plugin 0.2.11 to C:\Users\I322018\AppData\Roaming\npm\node_modules\capnp-js-plugin
55 verbose unbuild node_modules\capnp-js-plugin
56 silly gentlyRm C:\Users\I322018\AppData\Roaming\npm\node_modules\capnp-js-plugin is being purged from base C:\Users\I322018\AppData\Roaming\npm
57 verbose gentlyRm don't care about contents; nuking C:\Users\I322018\AppData\Roaming\npm\node_modules\capnp-js-plugin
58 verbose tar unpack C:\npm_cache\capnp-js-plugin\0.2.11\package.tgz
59 verbose tar unpacking to C:\Users\I322018\AppData\Roaming\npm\node_modules\capnp-js-plugin
60 silly gentlyRm C:\Users\I322018\AppData\Roaming\npm\node_modules\capnp-js-plugin is being purged
61 verbose gentlyRm don't care about contents; nuking C:\Users\I322018\AppData\Roaming\npm\node_modules\capnp-js-plugin
62 silly gunzTarPerm modes [ '777', '666' ]
63 silly gunzTarPerm extractEntry package.json
64 silly gunzTarPerm modified mode [ 'package.json', 420, 438 ]
65 silly gunzTarPerm extractEntry .npmignore
66 silly gunzTarPerm modified mode [ '.npmignore', 420, 438 ]
67 silly gunzTarPerm extractEntry README.md
68 silly gunzTarPerm modified mode [ 'README.md', 420, 438 ]
69 silly gunzTarPerm extractEntry LICENSE
70 silly gunzTarPerm modified mode [ 'LICENSE', 420, 438 ]
71 silly gunzTarPerm extractEntry index.js
72 silly gunzTarPerm modified mode [ 'index.js', 420, 438 ]
73 silly gunzTarPerm extractEntry .travis.yml
74 silly gunzTarPerm modified mode [ '.travis.yml', 420, 438 ]
75 silly gunzTarPerm extractEntry lib/builder/bScope.js
76 silly gunzTarPerm modified mode [ 'lib/builder/bScope.js', 420, 438 ]
77 silly gunzTarPerm extractEntry lib/builder/bTemplates.js
78 silly gunzTarPerm modified mode [ 'lib/builder/bTemplates.js', 420, 438 ]
79 silly gunzTarPerm extractEntry lib/builder/bTypes.js
80 silly gunzTarPerm modified mode [ 'lib/builder/bTypes.js', 420, 438 ]
81 silly gunzTarPerm extractEntry lib/builder/builders.js
82 silly gunzTarPerm modified mode [ 'lib/builder/builders.js', 420, 438 ]
83 silly gunzTarPerm extractEntry lib/builder/sharedTemplates.js
84 silly gunzTarPerm modified mode [ 'lib/builder/sharedTemplates.js', 420, 438 ]
85 silly gunzTarPerm extractEntry lib/cgr/bScope.js
86 silly gunzTarPerm modified mode [ 'lib/cgr/bScope.js', 420, 438 ]
87 silly gunzTarPerm extractEntry lib/cgr/bTypes.js
88 silly gunzTarPerm modified mode [ 'lib/cgr/bTypes.js', 420, 438 ]
89 silly gunzTarPerm extractEntry lib/cgr/builders.js
90 silly gunzTarPerm modified mode [ 'lib/cgr/builders.js', 420, 438 ]
91 silly gunzTarPerm extractEntry lib/cgr/rScope.js
92 silly gunzTarPerm modified mode [ 'lib/cgr/rScope.js', 420, 438 ]
93 silly gunzTarPerm extractEntry lib/cgr/rTypes.js
94 silly gunzTarPerm modified mode [ 'lib/cgr/rTypes.js', 420, 438 ]
95 silly gunzTarPerm extractEntry lib/cgr/readers.js
96 silly gunzTarPerm modified mode [ 'lib/cgr/readers.js', 420, 438 ]
97 silly gunzTarPerm extractEntry lib/context/imports.js
98 silly gunzTarPerm modified mode [ 'lib/context/imports.js', 420, 438 ]
99 silly gunzTarPerm extractEntry lib/context/index.js
100 silly gunzTarPerm modified mode [ 'lib/context/index.js', 420, 438 ]
101 silly gunzTarPerm extractEntry lib/context/joinId.js
102 silly gunzTarPerm modified mode [ 'lib/context/joinId.js', 420, 438 ]
103 silly gunzTarPerm extractEntry lib/context/node.js
104 silly gunzTarPerm modified mode [ 'lib/context/node.js', 420, 438 ]
105 silly gunzTarPerm extractEntry lib/context/size.js
106 silly gunzTarPerm modified mode [ 'lib/context/size.js', 420, 438 ]
107 silly gunzTarPerm extractEntry lib/context/toBase64.js
108 silly gunzTarPerm modified mode [ 'lib/context/toBase64.js', 420, 438 ]
109 silly gunzTarPerm extractEntry lib/reader/rScope.js
110 silly gunzTarPerm modified mode [ 'lib/reader/rScope.js', 420, 438 ]
111 silly gunzTarPerm extractEntry lib/reader/rTemplates.js
112 silly gunzTarPerm modified mode [ 'lib/reader/rTemplates.js', 420, 438 ]
113 silly gunzTarPerm extractEntry lib/reader/rTypes.js
114 silly gunzTarPerm modified mode [ 'lib/reader/rTypes.js', 420, 438 ]
115 silly gunzTarPerm extractEntry lib/reader/readers.js
116 silly gunzTarPerm modified mode [ 'lib/reader/readers.js', 420, 438 ]
117 silly gunzTarPerm extractEntry lib/reader/sharedTemplates.js
118 silly gunzTarPerm modified mode [ 'lib/reader/sharedTemplates.js', 420, 438 ]
119 silly gunzTarPerm extractEntry bin/installCompiler.js
120 silly gunzTarPerm modified mode [ 'bin/installCompiler.js', 484, 502 ]
121 silly gunzTarPerm extractEntry bin/capnpc-js
122 silly gunzTarPerm modified mode [ 'bin/capnpc-js', 493, 511 ]
123 silly gunzTarPerm extractEntry bin/capnpc-js-json
124 silly gunzTarPerm modified mode [ 'bin/capnpc-js-json', 493, 511 ]
125 verbose write writing to C:\Users\I322018\AppData\Roaming\npm\node_modules\capnp-js-plugin\package.json
126 info preinstall capnp-js-plugin@0.2.11
127 verbose unsafe-perm in lifecycle true
128 info capnp-js-plugin@0.2.11 Failed to exec preinstall script
129 verbose unlock done using C:\npm_cache\_locks\capnp-js-plugin-4abbe50202d4c688.lock for C:\Users\I322018\AppData\Roaming\npm\node_modules\capnp-js-plugin
130 verbose stack Error: capnp-js-plugin@0.2.11 preinstall: `node ./bin/installCompiler.js`
130 verbose stack Exit status 1
130 verbose stack     at EventEmitter.<anonymous> (C:\Users\I322018\AppData\Roaming\npm\node_modules\npm\lib\utils\lifecycle.js:214:16)
130 verbose stack     at emitTwo (events.js:87:13)
130 verbose stack     at EventEmitter.emit (events.js:172:7)
130 verbose stack     at ChildProcess.<anonymous> (C:\Users\I322018\AppData\Roaming\npm\node_modules\npm\lib\utils\spawn.js:24:14)
130 verbose stack     at emitTwo (events.js:87:13)
130 verbose stack     at ChildProcess.emit (events.js:172:7)
130 verbose stack     at maybeClose (internal/child_process.js:827:16)
130 verbose stack     at Process.ChildProcess._handle.onexit (internal/child_process.js:211:5)
131 verbose pkgid capnp-js-plugin@0.2.11
132 verbose cwd C:\REPOS\rpcpoc\src\capnp
133 error Windows_NT 6.3.9600
134 error argv "C:\\Program Files\\nodejs\\node.exe" "C:\\Users\\I322018\\AppData\\Roaming\\npm\\node_modules\\npm\\bin\\npm-cli.js" "install" "-g" "capnp-js-plugin"
135 error node v4.4.1
136 error npm  v2.14.20
137 error code ELIFECYCLE
138 error capnp-js-plugin@0.2.11 preinstall: `node ./bin/installCompiler.js`
138 error Exit status 1
139 error Failed at the capnp-js-plugin@0.2.11 preinstall script 'node ./bin/installCompiler.js'.
139 error This is most likely a problem with the capnp-js-plugin package,
139 error not with npm itself.
139 error Tell the author that this fails on your system:
139 error     node ./bin/installCompiler.js
139 error You can get information on how to open an issue for this project with:
139 error     npm bugs capnp-js-plugin
139 error Or if that isn't available, you can get their info via:
139 error
139 error     npm owner ls capnp-js-plugin
139 error There is likely additional logging output above.
140 verbose exit [ 1, true ]
141 verbose unbuild node_modules\capnp-js-plugin
142 info preuninstall capnp-js-plugin@0.2.11
143 info uninstall capnp-js-plugin@0.2.11
144 verbose unbuild rmStuff capnp-js-plugin@0.2.11 from C:\Users\I322018\AppData\Roaming\npm\node_modules
145 silly gentlyRm C:\Users\I322018\AppData\Roaming\npm\capnp.cmd is being gently removed
146 silly gentlyRm verifying C:\Users\I322018\AppData\Roaming\npm is an npm working directory
147 silly gentlyRm C:\Users\I322018\AppData\Roaming\npm\capnpc-js-json.cmd is being gently removed
148 silly gentlyRm verifying C:\Users\I322018\AppData\Roaming\npm is an npm working directory
149 silly gentlyRm C:\Users\I322018\AppData\Roaming\npm\capnpc-js.cmd is being gently removed
150 silly gentlyRm verifying C:\Users\I322018\AppData\Roaming\npm is an npm working directory
151 silly gentlyRm containing path C:\Users\I322018\AppData\Roaming\npm is under npm's control, in C:\Users\I322018\AppData\Roaming\npm
152 silly gentlyRm deletion target C:\Users\I322018\AppData\Roaming\npm\capnp.cmd is under C:\Users\I322018\AppData\Roaming\npm
153 verbose gentlyRm vacuuming from C:\Users\I322018\AppData\Roaming\npm\capnp.cmd up to C:\Users\I322018\AppData\Roaming\npm
154 silly gentlyRm containing path C:\Users\I322018\AppData\Roaming\npm is under npm's control, in C:\Users\I322018\AppData\Roaming\npm
155 silly gentlyRm deletion target C:\Users\I322018\AppData\Roaming\npm\capnpc-js-json.cmd is under C:\Users\I322018\AppData\Roaming\npm
156 verbose gentlyRm vacuuming from C:\Users\I322018\AppData\Roaming\npm\capnpc-js-json.cmd up to C:\Users\I322018\AppData\Roaming\npm
157 silly gentlyRm containing path C:\Users\I322018\AppData\Roaming\npm is under npm's control, in C:\Users\I322018\AppData\Roaming\npm
158 silly gentlyRm deletion target C:\Users\I322018\AppData\Roaming\npm\capnpc-js.cmd is under C:\Users\I322018\AppData\Roaming\npm
159 verbose gentlyRm vacuuming from C:\Users\I322018\AppData\Roaming\npm\capnpc-js.cmd up to C:\Users\I322018\AppData\Roaming\npm
160 silly gentlyRm C:\Users\I322018\AppData\Roaming\npm\capnp is being gently removed
161 silly gentlyRm verifying C:\Users\I322018\AppData\Roaming\npm is an npm working directory
162 silly gentlyRm containing path C:\Users\I322018\AppData\Roaming\npm is under npm's control, in C:\Users\I322018\AppData\Roaming\npm
163 silly gentlyRm deletion target C:\Users\I322018\AppData\Roaming\npm\capnp is under C:\Users\I322018\AppData\Roaming\npm
164 verbose gentlyRm vacuuming from C:\Users\I322018\AppData\Roaming\npm\capnp up to C:\Users\I322018\AppData\Roaming\npm
165 silly gentlyRm C:\Users\I322018\AppData\Roaming\npm\capnpc-js-json is being gently removed
166 silly gentlyRm verifying C:\Users\I322018\AppData\Roaming\npm is an npm working directory
167 silly gentlyRm containing path C:\Users\I322018\AppData\Roaming\npm is under npm's control, in C:\Users\I322018\AppData\Roaming\npm
168 silly gentlyRm deletion target C:\Users\I322018\AppData\Roaming\npm\capnpc-js-json is under C:\Users\I322018\AppData\Roaming\npm
169 verbose gentlyRm vacuuming from C:\Users\I322018\AppData\Roaming\npm\capnpc-js-json up to C:\Users\I322018\AppData\Roaming\npm
170 silly gentlyRm C:\Users\I322018\AppData\Roaming\npm\capnpc-js is being gently removed
171 silly gentlyRm verifying C:\Users\I322018\AppData\Roaming\npm is an npm working directory
172 silly gentlyRm containing path C:\Users\I322018\AppData\Roaming\npm is under npm's control, in C:\Users\I322018\AppData\Roaming\npm
173 silly gentlyRm deletion target C:\Users\I322018\AppData\Roaming\npm\capnpc-js is under C:\Users\I322018\AppData\Roaming\npm
174 verbose gentlyRm vacuuming from C:\Users\I322018\AppData\Roaming\npm\capnpc-js up to C:\Users\I322018\AppData\Roaming\npm
175 info postuninstall capnp-js-plugin@0.2.11
176 silly gentlyRm C:\Users\I322018\AppData\Roaming\npm\node_modules\capnp-js-plugin is being purged from base C:\Users\I322018\AppData\Roaming\npm
177 verbose gentlyRm don't care about contents; nuking C:\Users\I322018\AppData\Roaming\npm\node_modules\capnp-js-plugin
178 silly vacuum-fs purging C:\Users\I322018\AppData\Roaming\npm\node_modules\capnp-js-plugin
179 silly vacuum-fs quitting because other entries in C:\Users\I322018\AppData\Roaming\npm\node_modules
